{"C:\\temp\\Ярик\\code\\src\\services\\rootReducer.ts": {"path":"C:\\temp\\Ярик\\code\\src\\services\\rootReducer.ts","statementMap":{"0":{"start":{"line":1,"column":0},"end":{"line":1,"column":51}},"1":{"start":{"line":3,"column":0},"end":{"line":3,"column":59}},"2":{"start":{"line":4,"column":0},"end":{"line":4,"column":71}},"3":{"start":{"line":5,"column":0},"end":{"line":5,"column":47}},"4":{"start":{"line":6,"column":0},"end":{"line":6,"column":45}},"5":{"start":{"line":7,"column":0},"end":{"line":7,"column":47}},"6":{"start":{"line":9,"column":13},"end":{"line":15,"column":3}}},"fnMap":{},"branchMap":{},"s":{"0":1,"1":1,"2":1,"3":1,"4":1,"5":1,"6":1},"f":{},"b":{}}
,"C:\\temp\\Ярик\\code\\src\\services\\slices\\authSlice.ts": {"path":"C:\\temp\\Ярик\\code\\src\\services\\slices\\authSlice.ts","statementMap":{"0":{"start":{"line":1,"column":0},"end":{"line":1,"column":65}},"1":{"start":{"line":5,"column":0},"end":{"line":5,"column":null}},"2":{"start":{"line":14,"column":0},"end":{"line":14,"column":72}},"3":{"start":{"line":23,"column":33},"end":{"line":28,"column":2}},"4":{"start":{"line":30,"column":19},"end":{"line":33,"column":1}},"5":{"start":{"line":31,"column":2},"end":{"line":31,"column":53}},"6":{"start":{"line":32,"column":2},"end":{"line":32,"column":40}},"7":{"start":{"line":35,"column":20},"end":{"line":38,"column":1}},"8":{"start":{"line":36,"column":2},"end":{"line":36,"column":42}},"9":{"start":{"line":37,"column":2},"end":{"line":37,"column":30}},"10":{"start":{"line":40,"column":24},"end":{"line":49,"column":1}},"11":{"start":{"line":41,"column":2},"end":{"line":46,"column":3}},"12":{"start":{"line":42,"column":17},"end":{"line":42,"column":53}},"13":{"start":{"line":43,"column":4},"end":{"line":45,"column":5}},"14":{"start":{"line":44,"column":6},"end":{"line":44,"column":17}},"15":{"start":{"line":48,"column":2},"end":{"line":48,"column":30}},"16":{"start":{"line":51,"column":13},"end":{"line":60,"column":2}},"17":{"start":{"line":53,"column":13},"end":{"line":59,"column":null}},"18":{"start":{"line":54,"column":17},"end":{"line":54,"column":null}},"19":{"start":{"line":54,"column":10},"end":{"line":54,"column":null}},"20":{"start":{"line":56,"column":4},"end":{"line":56,"column":52}},"21":{"start":{"line":58,"column":4},"end":{"line":58,"column":21}},"22":{"start":{"line":62,"column":13},"end":{"line":71,"column":2}},"23":{"start":{"line":64,"column":13},"end":{"line":70,"column":null}},"24":{"start":{"line":65,"column":17},"end":{"line":65,"column":null}},"25":{"start":{"line":65,"column":10},"end":{"line":65,"column":null}},"26":{"start":{"line":67,"column":4},"end":{"line":67,"column":52}},"27":{"start":{"line":69,"column":4},"end":{"line":69,"column":21}},"28":{"start":{"line":73,"column":13},"end":{"line":100,"column":2}},"29":{"start":{"line":75,"column":2},"end":{"line":99,"column":null}},"30":{"start":{"line":76,"column":10},"end":{"line":78,"column":6}},"31":{"start":{"line":80,"column":4},"end":{"line":82,"column":5}},"32":{"start":{"line":81,"column":6},"end":{"line":81,"column":18}},"33":{"start":{"line":85,"column":19},"end":{"line":85,"column":null}},"34":{"start":{"line":85,"column":12},"end":{"line":85,"column":null}},"35":{"start":{"line":87,"column":6},"end":{"line":89,"column":7}},"36":{"start":{"line":88,"column":8},"end":{"line":88,"column":25}},"37":{"start":{"line":91,"column":6},"end":{"line":91,"column":20}},"38":{"start":{"line":93,"column":6},"end":{"line":93,"column":18}},"39":{"start":{"line":95,"column":6},"end":{"line":95,"column":20}},"40":{"start":{"line":97,"column":6},"end":{"line":97,"column":18}},"41":{"start":{"line":102,"column":13},"end":{"line":113,"column":2}},"42":{"start":{"line":104,"column":16},"end":{"line":112,"column":null}},"43":{"start":{"line":105,"column":17},"end":{"line":105,"column":null}},"44":{"start":{"line":105,"column":10},"end":{"line":105,"column":null}},"45":{"start":{"line":107,"column":4},"end":{"line":109,"column":5}},"46":{"start":{"line":108,"column":6},"end":{"line":108,"column":23}},"47":{"start":{"line":111,"column":4},"end":{"line":111,"column":15}},"48":{"start":{"line":115,"column":13},"end":{"line":124,"column":2}},"49":{"start":{"line":117,"column":2},"end":{"line":123,"column":null}},"50":{"start":{"line":119,"column":6},"end":{"line":119,"column":24}},"51":{"start":{"line":121,"column":6},"end":{"line":121,"column":20}},"52":{"start":{"line":126,"column":18},"end":{"line":200,"column":2}},"53":{"start":{"line":131,"column":6},"end":{"line":131,"column":25}},"54":{"start":{"line":135,"column":4},"end":{"line":198,"column":9}},"55":{"start":{"line":137,"column":8},"end":{"line":137,"column":33}},"56":{"start":{"line":138,"column":8},"end":{"line":138,"column":27}},"57":{"start":{"line":141,"column":8},"end":{"line":141,"column":34}},"58":{"start":{"line":142,"column":8},"end":{"line":142,"column":36}},"59":{"start":{"line":143,"column":8},"end":{"line":143,"column":35}},"60":{"start":{"line":146,"column":8},"end":{"line":146,"column":34}},"61":{"start":{"line":147,"column":8},"end":{"line":147,"column":52}},"62":{"start":{"line":148,"column":8},"end":{"line":148,"column":35}},"63":{"start":{"line":152,"column":8},"end":{"line":152,"column":33}},"64":{"start":{"line":153,"column":8},"end":{"line":153,"column":27}},"65":{"start":{"line":156,"column":8},"end":{"line":156,"column":34}},"66":{"start":{"line":157,"column":8},"end":{"line":157,"column":36}},"67":{"start":{"line":158,"column":8},"end":{"line":158,"column":35}},"68":{"start":{"line":161,"column":8},"end":{"line":161,"column":34}},"69":{"start":{"line":162,"column":8},"end":{"line":162,"column":52}},"70":{"start":{"line":163,"column":8},"end":{"line":163,"column":35}},"71":{"start":{"line":167,"column":8},"end":{"line":167,"column":36}},"72":{"start":{"line":170,"column":8},"end":{"line":170,"column":36}},"73":{"start":{"line":171,"column":8},"end":{"line":171,"column":35}},"74":{"start":{"line":174,"column":8},"end":{"line":174,"column":26}},"75":{"start":{"line":175,"column":8},"end":{"line":175,"column":35}},"76":{"start":{"line":179,"column":8},"end":{"line":179,"column":33}},"77":{"start":{"line":180,"column":8},"end":{"line":180,"column":27}},"78":{"start":{"line":183,"column":8},"end":{"line":183,"column":34}},"79":{"start":{"line":184,"column":8},"end":{"line":184,"column":36}},"80":{"start":{"line":187,"column":8},"end":{"line":187,"column":34}},"81":{"start":{"line":188,"column":8},"end":{"line":188,"column":52}},"82":{"start":{"line":192,"column":8},"end":{"line":192,"column":26}},"83":{"start":{"line":193,"column":8},"end":{"line":193,"column":35}},"84":{"start":{"line":196,"column":8},"end":{"line":196,"column":26}},"85":{"start":{"line":197,"column":8},"end":{"line":197,"column":35}},"86":{"start":{"line":202,"column":15},"end":{"line":202,"column":52}},"87":{"start":{"line":204,"column":26},"end":{"line":204,"column":53}},"88":{"start":{"line":204,"column":48},"end":{"line":204,"column":64}},"89":{"start":{"line":204,"column":13},"end":{"line":204,"column":26}},"90":{"start":{"line":205,"column":33},"end":{"line":205,"column":60}},"91":{"start":{"line":205,"column":55},"end":{"line":205,"column":78}},"92":{"start":{"line":205,"column":13},"end":{"line":205,"column":33}},"93":{"start":{"line":206,"column":31},"end":{"line":206,"column":58}},"94":{"start":{"line":206,"column":53},"end":{"line":206,"column":70}},"95":{"start":{"line":206,"column":13},"end":{"line":206,"column":31}},"96":{"start":{"line":207,"column":35},"end":{"line":208,"column":7}},"97":{"start":{"line":208,"column":2},"end":{"line":208,"column":27}},"98":{"start":{"line":207,"column":13},"end":{"line":207,"column":35}},"99":{"start":{"line":210,"column":0},"end":{"line":210,"column":33}}},"fnMap":{"0":{"name":"(anonymous_13)","decl":{"start":{"line":30,"column":19},"end":{"line":30,"column":20}},"loc":{"start":{"line":30,"column":61},"end":{"line":33,"column":1}}},"1":{"name":"(anonymous_14)","decl":{"start":{"line":35,"column":20},"end":{"line":35,"column":null}},"loc":{"start":{"line":35,"column":20},"end":{"line":38,"column":1}}},"2":{"name":"(anonymous_15)","decl":{"start":{"line":40,"column":24},"end":{"line":40,"column":25}},"loc":{"start":{"line":40,"column":37},"end":{"line":49,"column":1}}},"3":{"name":"(anonymous_16)","decl":{"start":{"line":53,"column":2},"end":{"line":53,"column":9}},"loc":{"start":{"line":53,"column":13},"end":{"line":59,"column":null}}},"4":{"name":"(anonymous_17)","decl":{"start":{"line":53,"column":13},"end":{"line":53,"column":null}},"loc":{"start":{"line":53,"column":13},"end":{"line":59,"column":null}}},"5":{"name":"(anonymous_19)","decl":{"start":{"line":64,"column":2},"end":{"line":64,"column":9}},"loc":{"start":{"line":64,"column":13},"end":{"line":70,"column":null}}},"6":{"name":"(anonymous_20)","decl":{"start":{"line":64,"column":13},"end":{"line":64,"column":null}},"loc":{"start":{"line":64,"column":13},"end":{"line":70,"column":null}}},"7":{"name":"(anonymous_22)","decl":{"start":{"line":75,"column":2},"end":{"line":75,"column":null}},"loc":{"start":{"line":75,"column":2},"end":{"line":99,"column":null}}},"8":{"name":"(anonymous_25)","decl":{"start":{"line":104,"column":2},"end":{"line":104,"column":9}},"loc":{"start":{"line":104,"column":16},"end":{"line":112,"column":null}}},"9":{"name":"(anonymous_26)","decl":{"start":{"line":104,"column":16},"end":{"line":104,"column":null}},"loc":{"start":{"line":104,"column":16},"end":{"line":112,"column":null}}},"10":{"name":"(anonymous_28)","decl":{"start":{"line":117,"column":2},"end":{"line":117,"column":null}},"loc":{"start":{"line":117,"column":2},"end":{"line":123,"column":null}}},"11":{"name":"(anonymous_31)","decl":{"start":{"line":130,"column":20},"end":{"line":130,"column":21}},"loc":{"start":{"line":130,"column":26},"end":{"line":132,"column":5}}},"12":{"name":"(anonymous_32)","decl":{"start":{"line":134,"column":17},"end":{"line":134,"column":18}},"loc":{"start":{"line":134,"column":25},"end":{"line":199,"column":3}}},"13":{"name":"(anonymous_33)","decl":{"start":{"line":136,"column":37},"end":{"line":136,"column":38}},"loc":{"start":{"line":136,"column":43},"end":{"line":139,"column":7}}},"14":{"name":"(anonymous_34)","decl":{"start":{"line":140,"column":39},"end":{"line":140,"column":40}},"loc":{"start":{"line":140,"column":53},"end":{"line":144,"column":7}}},"15":{"name":"(anonymous_35)","decl":{"start":{"line":145,"column":38},"end":{"line":145,"column":39}},"loc":{"start":{"line":145,"column":52},"end":{"line":149,"column":7}}},"16":{"name":"(anonymous_36)","decl":{"start":{"line":151,"column":34},"end":{"line":151,"column":35}},"loc":{"start":{"line":151,"column":40},"end":{"line":154,"column":7}}},"17":{"name":"(anonymous_37)","decl":{"start":{"line":155,"column":36},"end":{"line":155,"column":37}},"loc":{"start":{"line":155,"column":50},"end":{"line":159,"column":7}}},"18":{"name":"(anonymous_38)","decl":{"start":{"line":160,"column":35},"end":{"line":160,"column":36}},"loc":{"start":{"line":160,"column":49},"end":{"line":164,"column":7}}},"19":{"name":"(anonymous_39)","decl":{"start":{"line":166,"column":38},"end":{"line":166,"column":39}},"loc":{"start":{"line":166,"column":44},"end":{"line":168,"column":7}}},"20":{"name":"(anonymous_40)","decl":{"start":{"line":169,"column":40},"end":{"line":169,"column":41}},"loc":{"start":{"line":169,"column":54},"end":{"line":172,"column":7}}},"21":{"name":"(anonymous_41)","decl":{"start":{"line":173,"column":39},"end":{"line":173,"column":40}},"loc":{"start":{"line":173,"column":45},"end":{"line":176,"column":7}}},"22":{"name":"(anonymous_42)","decl":{"start":{"line":178,"column":35},"end":{"line":178,"column":36}},"loc":{"start":{"line":178,"column":41},"end":{"line":181,"column":7}}},"23":{"name":"(anonymous_43)","decl":{"start":{"line":182,"column":37},"end":{"line":182,"column":38}},"loc":{"start":{"line":182,"column":51},"end":{"line":185,"column":7}}},"24":{"name":"(anonymous_44)","decl":{"start":{"line":186,"column":36},"end":{"line":186,"column":37}},"loc":{"start":{"line":186,"column":50},"end":{"line":189,"column":7}}},"25":{"name":"(anonymous_45)","decl":{"start":{"line":191,"column":37},"end":{"line":191,"column":38}},"loc":{"start":{"line":191,"column":43},"end":{"line":194,"column":7}}},"26":{"name":"(anonymous_46)","decl":{"start":{"line":195,"column":36},"end":{"line":195,"column":37}},"loc":{"start":{"line":195,"column":42},"end":{"line":198,"column":7}}},"27":{"name":"(anonymous_47)","decl":{"start":{"line":204,"column":26},"end":{"line":204,"column":27}},"loc":{"start":{"line":204,"column":43},"end":{"line":204,"column":53}}},"28":{"name":"(anonymous_48)","decl":{"start":{"line":205,"column":33},"end":{"line":205,"column":34}},"loc":{"start":{"line":205,"column":50},"end":{"line":205,"column":60}}},"29":{"name":"(anonymous_49)","decl":{"start":{"line":206,"column":31},"end":{"line":206,"column":32}},"loc":{"start":{"line":206,"column":48},"end":{"line":206,"column":58}}},"30":{"name":"(anonymous_50)","decl":{"start":{"line":207,"column":35},"end":{"line":207,"column":36}},"loc":{"start":{"line":207,"column":52},"end":{"line":208,"column":7}}}},"branchMap":{"0":{"loc":{"start":{"line":41,"column":2},"end":{"line":46,"column":3}},"type":"if","locations":[{"start":{"line":41,"column":2},"end":{"line":46,"column":3}}]},"1":{"loc":{"start":{"line":41,"column":6},"end":{"line":41,"column":65}},"type":"binary-expr","locations":[{"start":{"line":41,"column":6},"end":{"line":41,"column":29}},{"start":{"line":41,"column":33},"end":{"line":41,"column":45}},{"start":{"line":41,"column":49},"end":{"line":41,"column":65}}]},"2":{"loc":{"start":{"line":43,"column":4},"end":{"line":45,"column":5}},"type":"if","locations":[{"start":{"line":43,"column":4},"end":{"line":45,"column":5}}]},"3":{"loc":{"start":{"line":54,"column":17},"end":{"line":54,"column":null}},"type":"switch","locations":[{"start":{"line":54,"column":17},"end":{"line":54,"column":null}}]},"4":{"loc":{"start":{"line":65,"column":17},"end":{"line":65,"column":null}},"type":"switch","locations":[{"start":{"line":65,"column":17},"end":{"line":65,"column":null}}]},"5":{"loc":{"start":{"line":77,"column":6},"end":{"line":77,"column":70}},"type":"binary-expr","locations":[{"start":{"line":77,"column":6},"end":{"line":77,"column":30}},{"start":{"line":77,"column":34},"end":{"line":77,"column":70}}]},"6":{"loc":{"start":{"line":80,"column":4},"end":{"line":82,"column":5}},"type":"if","locations":[{"start":{"line":80,"column":4},"end":{"line":82,"column":5}}]},"7":{"loc":{"start":{"line":87,"column":6},"end":{"line":89,"column":7}},"type":"if","locations":[{"start":{"line":87,"column":6},"end":{"line":89,"column":7}}]},"8":{"loc":{"start":{"line":87,"column":10},"end":{"line":87,"column":23}},"type":"cond-expr","locations":[{"start":{"line":87,"column":14},"end":{"line":87,"column":16}},{"start":{"line":87,"column":10},"end":{"line":87,"column":23}}]},"9":{"loc":{"start":{"line":87,"column":10},"end":{"line":87,"column":16}},"type":"binary-expr","locations":[{"start":{"line":87,"column":10},"end":{"line":87,"column":16}},{"start":{"line":87,"column":10},"end":{"line":87,"column":16}}]},"10":{"loc":{"start":{"line":105,"column":17},"end":{"line":105,"column":null}},"type":"switch","locations":[{"start":{"line":105,"column":17},"end":{"line":105,"column":null}}]},"11":{"loc":{"start":{"line":107,"column":4},"end":{"line":109,"column":5}},"type":"if","locations":[{"start":{"line":107,"column":4},"end":{"line":109,"column":5}}]},"12":{"loc":{"start":{"line":107,"column":8},"end":{"line":107,"column":21}},"type":"cond-expr","locations":[{"start":{"line":107,"column":12},"end":{"line":107,"column":14}},{"start":{"line":107,"column":8},"end":{"line":107,"column":21}}]},"13":{"loc":{"start":{"line":107,"column":8},"end":{"line":107,"column":14}},"type":"binary-expr","locations":[{"start":{"line":107,"column":8},"end":{"line":107,"column":14}},{"start":{"line":107,"column":8},"end":{"line":107,"column":14}}]}},"s":{"0":2,"1":2,"2":2,"3":2,"4":2,"5":0,"6":0,"7":2,"8":0,"9":0,"10":2,"11":1,"12":1,"13":1,"14":1,"15":0,"16":2,"17":0,"18":0,"19":0,"20":0,"21":0,"22":2,"23":0,"24":0,"25":0,"26":0,"27":0,"28":2,"29":0,"30":0,"31":0,"32":0,"33":0,"34":0,"35":0,"36":0,"37":0,"38":0,"39":0,"40":0,"41":2,"42":0,"43":0,"44":0,"45":0,"46":0,"47":0,"48":2,"49":0,"50":0,"51":0,"52":2,"53":0,"54":2,"55":0,"56":0,"57":0,"58":0,"59":0,"60":0,"61":0,"62":0,"63":1,"64":1,"65":1,"66":1,"67":1,"68":1,"69":1,"70":1,"71":0,"72":1,"73":1,"74":0,"75":0,"76":0,"77":0,"78":0,"79":0,"80":0,"81":0,"82":1,"83":1,"84":0,"85":0,"86":2,"87":2,"88":0,"89":2,"90":2,"91":0,"92":2,"93":2,"94":0,"95":2,"96":2,"97":0,"98":2,"99":2},"f":{"0":0,"1":0,"2":1,"3":0,"4":0,"5":0,"6":0,"7":0,"8":0,"9":0,"10":0,"11":0,"12":2,"13":0,"14":0,"15":0,"16":1,"17":1,"18":1,"19":0,"20":1,"21":0,"22":0,"23":0,"24":0,"25":1,"26":0,"27":0,"28":0,"29":0,"30":0},"b":{"0":[1],"1":[1,1,1],"2":[1],"3":[0],"4":[0],"5":[0,0],"6":[0],"7":[0],"8":[0,0],"9":[0,0],"10":[0],"11":[0],"12":[0,0],"13":[0,0]}}
,"C:\\temp\\Ярик\\code\\src\\services\\slices\\burgerConstructorSlice.ts": {"path":"C:\\temp\\Ярик\\code\\src\\services\\slices\\burgerConstructorSlice.ts","statementMap":{"0":{"start":{"line":1,"column":0},"end":{"line":1,"column":67}},"1":{"start":{"line":12,"column":46},"end":{"line":15,"column":2}},"2":{"start":{"line":22,"column":31},"end":{"line":65,"column":2}},"3":{"start":{"line":27,"column":25},"end":{"line":27,"column":39}},"4":{"start":{"line":28,"column":6},"end":{"line":31,"column":7}},"5":{"start":{"line":29,"column":8},"end":{"line":29,"column":31}},"6":{"start":{"line":30,"column":8},"end":{"line":30,"column":15}},"7":{"start":{"line":32,"column":6},"end":{"line":32,"column":41}},"8":{"start":{"line":36,"column":6},"end":{"line":38,"column":8}},"9":{"start":{"line":37,"column":18},"end":{"line":37,"column":null}},"10":{"start":{"line":42,"column":37},"end":{"line":42,"column":51}},"11":{"start":{"line":42,"column":23},"end":{"line":42,"column":25}},"12":{"start":{"line":42,"column":32},"end":{"line":42,"column":37}},"13":{"start":{"line":44,"column":6},"end":{"line":52,"column":7}},"14":{"start":{"line":51,"column":8},"end":{"line":51,"column":15}},"15":{"start":{"line":54,"column":19},"end":{"line":54,"column":44}},"16":{"start":{"line":55,"column":22},"end":{"line":55,"column":51}},"17":{"start":{"line":56,"column":6},"end":{"line":56,"column":40}},"18":{"start":{"line":57,"column":6},"end":{"line":57,"column":34}},"19":{"start":{"line":61,"column":6},"end":{"line":61,"column":23}},"20":{"start":{"line":62,"column":6},"end":{"line":62,"column":29}},"21":{"start":{"line":68,"column":2},"end":{"line":71,"column":null}},"22":{"start":{"line":74,"column":38},"end":{"line":75,"column":7}},"23":{"start":{"line":75,"column":2},"end":{"line":75,"column":26}},"24":{"start":{"line":74,"column":13},"end":{"line":74,"column":38}},"25":{"start":{"line":77,"column":0},"end":{"line":77,"column":46}}},"fnMap":{"0":{"name":"(anonymous_1)","decl":{"start":{"line":26,"column":19},"end":{"line":26,"column":20}},"loc":{"start":{"line":26,"column":72},"end":{"line":33,"column":5}}},"1":{"name":"(anonymous_2)","decl":{"start":{"line":35,"column":22},"end":{"line":35,"column":23}},"loc":{"start":{"line":35,"column":59},"end":{"line":39,"column":5}}},"2":{"name":"(anonymous_3)","decl":{"start":{"line":37,"column":8},"end":{"line":37,"column":9}},"loc":{"start":{"line":37,"column":13},"end":{"line":37,"column":22}}},"3":{"name":"(anonymous_4)","decl":{"start":{"line":41,"column":20},"end":{"line":41,"column":21}},"loc":{"start":{"line":41,"column":63},"end":{"line":58,"column":5}}},"4":{"name":"(anonymous_5)","decl":{"start":{"line":60,"column":22},"end":{"line":60,"column":23}},"loc":{"start":{"line":60,"column":28},"end":{"line":63,"column":5}}},"5":{"name":"(anonymous_6)","decl":{"start":{"line":74,"column":38},"end":{"line":74,"column":39}},"loc":{"start":{"line":74,"column":55},"end":{"line":75,"column":7}}}},"branchMap":{"0":{"loc":{"start":{"line":28,"column":6},"end":{"line":31,"column":7}},"type":"if","locations":[{"start":{"line":28,"column":6},"end":{"line":31,"column":7}}]},"1":{"loc":{"start":{"line":44,"column":6},"end":{"line":52,"column":7}},"type":"if","locations":[{"start":{"line":44,"column":6},"end":{"line":52,"column":7}}]},"2":{"loc":{"start":{"line":45,"column":8},"end":{"line":49,"column":43}},"type":"binary-expr","locations":[{"start":{"line":45,"column":8},"end":{"line":45,"column":29}},{"start":{"line":46,"column":8},"end":{"line":46,"column":21}},{"start":{"line":47,"column":8},"end":{"line":47,"column":19}},{"start":{"line":48,"column":8},"end":{"line":48,"column":45}},{"start":{"line":49,"column":8},"end":{"line":49,"column":43}}]}},"s":{"0":2,"1":2,"2":2,"3":2,"4":2,"5":1,"6":1,"7":1,"8":1,"9":2,"10":2,"11":2,"12":2,"13":2,"14":1,"15":1,"16":1,"17":1,"18":1,"19":1,"20":1,"21":2,"22":2,"23":0,"24":2,"25":2},"f":{"0":2,"1":1,"2":2,"3":2,"4":1,"5":0},"b":{"0":[1],"1":[1],"2":[2,1,1,1,1]}}
,"C:\\temp\\Ярик\\code\\src\\services\\slices\\feedsSlice.ts": {"path":"C:\\temp\\Ярик\\code\\src\\services\\slices\\feedsSlice.ts","statementMap":{"0":{"start":{"line":1,"column":0},"end":{"line":1,"column":65}},"1":{"start":{"line":5,"column":0},"end":{"line":5,"column":70}},"2":{"start":{"line":15,"column":34},"end":{"line":25,"column":2}},"3":{"start":{"line":27,"column":24},"end":{"line":33,"column":1}},"4":{"start":{"line":28,"column":2},"end":{"line":30,"column":3}},"5":{"start":{"line":29,"column":4},"end":{"line":29,"column":80}},"6":{"start":{"line":32,"column":2},"end":{"line":32,"column":35}},"7":{"start":{"line":35,"column":13},"end":{"line":46,"column":2}},"8":{"start":{"line":37,"column":2},"end":{"line":45,"column":null}},"9":{"start":{"line":38,"column":17},"end":{"line":38,"column":null}},"10":{"start":{"line":38,"column":10},"end":{"line":38,"column":null}},"11":{"start":{"line":40,"column":4},"end":{"line":44,"column":6}},"12":{"start":{"line":48,"column":13},"end":{"line":51,"column":2}},"13":{"start":{"line":50,"column":2},"end":{"line":50,"column":null}},"14":{"start":{"line":50,"column":14},"end":{"line":50,"column":null}},"15":{"start":{"line":53,"column":13},"end":{"line":60,"column":2}},"16":{"start":{"line":55,"column":15},"end":{"line":59,"column":null}},"17":{"start":{"line":56,"column":17},"end":{"line":56,"column":null}},"18":{"start":{"line":56,"column":10},"end":{"line":56,"column":null}},"19":{"start":{"line":58,"column":4},"end":{"line":58,"column":34}},"20":{"start":{"line":62,"column":19},"end":{"line":111,"column":2}},"21":{"start":{"line":67,"column":6},"end":{"line":67,"column":32}},"22":{"start":{"line":71,"column":4},"end":{"line":109,"column":9}},"23":{"start":{"line":73,"column":8},"end":{"line":73,"column":31}},"24":{"start":{"line":74,"column":8},"end":{"line":74,"column":27}},"25":{"start":{"line":77,"column":8},"end":{"line":77,"column":32}},"26":{"start":{"line":78,"column":8},"end":{"line":78,"column":36}},"27":{"start":{"line":81,"column":8},"end":{"line":81,"column":32}},"28":{"start":{"line":82,"column":8},"end":{"line":82,"column":52}},"29":{"start":{"line":86,"column":8},"end":{"line":86,"column":31}},"30":{"start":{"line":87,"column":8},"end":{"line":87,"column":27}},"31":{"start":{"line":90,"column":8},"end":{"line":90,"column":32}},"32":{"start":{"line":91,"column":8},"end":{"line":91,"column":45}},"33":{"start":{"line":94,"column":8},"end":{"line":94,"column":32}},"34":{"start":{"line":95,"column":8},"end":{"line":95,"column":52}},"35":{"start":{"line":99,"column":8},"end":{"line":99,"column":31}},"36":{"start":{"line":100,"column":8},"end":{"line":100,"column":27}},"37":{"start":{"line":103,"column":8},"end":{"line":103,"column":32}},"38":{"start":{"line":104,"column":8},"end":{"line":104,"column":44}},"39":{"start":{"line":107,"column":8},"end":{"line":107,"column":32}},"40":{"start":{"line":108,"column":8},"end":{"line":108,"column":52}},"41":{"start":{"line":113,"column":15},"end":{"line":113,"column":56}},"42":{"start":{"line":115,"column":26},"end":{"line":115,"column":53}},"43":{"start":{"line":115,"column":48},"end":{"line":115,"column":65}},"44":{"start":{"line":115,"column":13},"end":{"line":115,"column":26}},"45":{"start":{"line":116,"column":32},"end":{"line":116,"column":59}},"46":{"start":{"line":116,"column":54},"end":{"line":116,"column":78}},"47":{"start":{"line":116,"column":13},"end":{"line":116,"column":32}},"48":{"start":{"line":117,"column":35},"end":{"line":118,"column":7}},"49":{"start":{"line":118,"column":2},"end":{"line":118,"column":28}},"50":{"start":{"line":117,"column":13},"end":{"line":117,"column":35}},"51":{"start":{"line":119,"column":34},"end":{"line":120,"column":7}},"52":{"start":{"line":120,"column":2},"end":{"line":120,"column":27}},"53":{"start":{"line":119,"column":13},"end":{"line":119,"column":34}},"54":{"start":{"line":121,"column":34},"end":{"line":121,"column":61}},"55":{"start":{"line":121,"column":56},"end":{"line":121,"column":78}},"56":{"start":{"line":121,"column":13},"end":{"line":121,"column":34}},"57":{"start":{"line":122,"column":32},"end":{"line":122,"column":59}},"58":{"start":{"line":122,"column":54},"end":{"line":122,"column":72}},"59":{"start":{"line":122,"column":13},"end":{"line":122,"column":32}},"60":{"start":{"line":124,"column":0},"end":{"line":124,"column":34}}},"fnMap":{"0":{"name":"(anonymous_13)","decl":{"start":{"line":27,"column":24},"end":{"line":27,"column":25}},"loc":{"start":{"line":27,"column":39},"end":{"line":33,"column":1}}},"1":{"name":"(anonymous_14)","decl":{"start":{"line":37,"column":2},"end":{"line":37,"column":null}},"loc":{"start":{"line":37,"column":2},"end":{"line":45,"column":null}}},"2":{"name":"(anonymous_17)","decl":{"start":{"line":50,"column":2},"end":{"line":50,"column":14}},"loc":{"start":{"line":50,"column":2},"end":{"line":50,"column":null}}},"3":{"name":"(anonymous_20)","decl":{"start":{"line":55,"column":2},"end":{"line":55,"column":9}},"loc":{"start":{"line":55,"column":15},"end":{"line":59,"column":null}}},"4":{"name":"(anonymous_21)","decl":{"start":{"line":55,"column":15},"end":{"line":55,"column":null}},"loc":{"start":{"line":55,"column":15},"end":{"line":59,"column":null}}},"5":{"name":"(anonymous_23)","decl":{"start":{"line":66,"column":23},"end":{"line":66,"column":24}},"loc":{"start":{"line":66,"column":29},"end":{"line":68,"column":5}}},"6":{"name":"(anonymous_24)","decl":{"start":{"line":70,"column":17},"end":{"line":70,"column":18}},"loc":{"start":{"line":70,"column":25},"end":{"line":110,"column":3}}},"7":{"name":"(anonymous_25)","decl":{"start":{"line":72,"column":35},"end":{"line":72,"column":36}},"loc":{"start":{"line":72,"column":41},"end":{"line":75,"column":7}}},"8":{"name":"(anonymous_26)","decl":{"start":{"line":76,"column":37},"end":{"line":76,"column":38}},"loc":{"start":{"line":76,"column":51},"end":{"line":79,"column":7}}},"9":{"name":"(anonymous_27)","decl":{"start":{"line":80,"column":36},"end":{"line":80,"column":37}},"loc":{"start":{"line":80,"column":50},"end":{"line":83,"column":7}}},"10":{"name":"(anonymous_28)","decl":{"start":{"line":85,"column":43},"end":{"line":85,"column":44}},"loc":{"start":{"line":85,"column":49},"end":{"line":88,"column":7}}},"11":{"name":"(anonymous_29)","decl":{"start":{"line":89,"column":45},"end":{"line":89,"column":46}},"loc":{"start":{"line":89,"column":59},"end":{"line":92,"column":7}}},"12":{"name":"(anonymous_30)","decl":{"start":{"line":93,"column":44},"end":{"line":93,"column":45}},"loc":{"start":{"line":93,"column":58},"end":{"line":96,"column":7}}},"13":{"name":"(anonymous_31)","decl":{"start":{"line":98,"column":43},"end":{"line":98,"column":44}},"loc":{"start":{"line":98,"column":49},"end":{"line":101,"column":7}}},"14":{"name":"(anonymous_32)","decl":{"start":{"line":102,"column":45},"end":{"line":102,"column":46}},"loc":{"start":{"line":102,"column":59},"end":{"line":105,"column":7}}},"15":{"name":"(anonymous_33)","decl":{"start":{"line":106,"column":44},"end":{"line":106,"column":45}},"loc":{"start":{"line":106,"column":58},"end":{"line":109,"column":7}}},"16":{"name":"(anonymous_34)","decl":{"start":{"line":115,"column":26},"end":{"line":115,"column":27}},"loc":{"start":{"line":115,"column":43},"end":{"line":115,"column":53}}},"17":{"name":"(anonymous_35)","decl":{"start":{"line":116,"column":32},"end":{"line":116,"column":33}},"loc":{"start":{"line":116,"column":49},"end":{"line":116,"column":59}}},"18":{"name":"(anonymous_36)","decl":{"start":{"line":117,"column":35},"end":{"line":117,"column":36}},"loc":{"start":{"line":117,"column":52},"end":{"line":118,"column":7}}},"19":{"name":"(anonymous_37)","decl":{"start":{"line":119,"column":34},"end":{"line":119,"column":35}},"loc":{"start":{"line":119,"column":51},"end":{"line":120,"column":7}}},"20":{"name":"(anonymous_38)","decl":{"start":{"line":121,"column":34},"end":{"line":121,"column":35}},"loc":{"start":{"line":121,"column":51},"end":{"line":121,"column":61}}},"21":{"name":"(anonymous_39)","decl":{"start":{"line":122,"column":32},"end":{"line":122,"column":33}},"loc":{"start":{"line":122,"column":49},"end":{"line":122,"column":59}}}},"branchMap":{"0":{"loc":{"start":{"line":28,"column":2},"end":{"line":30,"column":3}},"type":"if","locations":[{"start":{"line":28,"column":2},"end":{"line":30,"column":3}}]},"1":{"loc":{"start":{"line":28,"column":6},"end":{"line":28,"column":71}},"type":"binary-expr","locations":[{"start":{"line":28,"column":6},"end":{"line":28,"column":31}},{"start":{"line":28,"column":35},"end":{"line":28,"column":49}},{"start":{"line":28,"column":53},"end":{"line":28,"column":71}}]},"2":{"loc":{"start":{"line":29,"column":12},"end":{"line":29,"column":79}},"type":"binary-expr","locations":[{"start":{"line":29,"column":12},"end":{"line":29,"column":50}},{"start":{"line":29,"column":54},"end":{"line":29,"column":79}}]},"3":{"loc":{"start":{"line":38,"column":17},"end":{"line":38,"column":null}},"type":"switch","locations":[{"start":{"line":38,"column":17},"end":{"line":38,"column":null}}]},"4":{"loc":{"start":{"line":56,"column":17},"end":{"line":56,"column":null}},"type":"switch","locations":[{"start":{"line":56,"column":17},"end":{"line":56,"column":null}}]},"5":{"loc":{"start":{"line":58,"column":11},"end":{"line":58,"column":33}},"type":"binary-expr","locations":[{"start":{"line":58,"column":11},"end":{"line":58,"column":25}},{"start":{"line":58,"column":29},"end":{"line":58,"column":33}}]}},"s":{"0":1,"1":1,"2":1,"3":1,"4":0,"5":0,"6":0,"7":1,"8":0,"9":0,"10":0,"11":0,"12":1,"13":0,"14":0,"15":1,"16":0,"17":0,"18":0,"19":0,"20":1,"21":0,"22":1,"23":0,"24":0,"25":0,"26":0,"27":0,"28":0,"29":0,"30":0,"31":0,"32":0,"33":0,"34":0,"35":0,"36":0,"37":0,"38":0,"39":0,"40":0,"41":1,"42":1,"43":0,"44":1,"45":1,"46":0,"47":1,"48":1,"49":0,"50":1,"51":1,"52":0,"53":1,"54":1,"55":0,"56":1,"57":1,"58":0,"59":1,"60":1},"f":{"0":0,"1":0,"2":0,"3":0,"4":0,"5":0,"6":1,"7":0,"8":0,"9":0,"10":0,"11":0,"12":0,"13":0,"14":0,"15":0,"16":0,"17":0,"18":0,"19":0,"20":0,"21":0},"b":{"0":[0],"1":[0,0,0],"2":[0,0],"3":[0],"4":[0],"5":[0,0]}}
,"C:\\temp\\Ярик\\code\\src\\services\\slices\\ingredientsSlice.ts": {"path":"C:\\temp\\Ярик\\code\\src\\services\\slices\\ingredientsSlice.ts","statementMap":{"0":{"start":{"line":1,"column":0},"end":{"line":1,"column":65}},"1":{"start":{"line":3,"column":0},"end":{"line":3,"column":41}},"2":{"start":{"line":13,"column":40},"end":{"line":17,"column":2}},"3":{"start":{"line":19,"column":13},"end":{"line":22,"column":2}},"4":{"start":{"line":24,"column":25},"end":{"line":43,"column":2}},"5":{"start":{"line":29,"column":4},"end":{"line":41,"column":9}},"6":{"start":{"line":31,"column":8},"end":{"line":31,"column":31}},"7":{"start":{"line":32,"column":8},"end":{"line":32,"column":27}},"8":{"start":{"line":35,"column":8},"end":{"line":35,"column":43}},"9":{"start":{"line":36,"column":8},"end":{"line":36,"column":32}},"10":{"start":{"line":39,"column":8},"end":{"line":39,"column":32}},"11":{"start":{"line":40,"column":8},"end":{"line":40,"column":53}},"12":{"start":{"line":45,"column":33},"end":{"line":46,"column":7}},"13":{"start":{"line":46,"column":2},"end":{"line":46,"column":32}},"14":{"start":{"line":45,"column":13},"end":{"line":45,"column":33}},"15":{"start":{"line":48,"column":40},"end":{"line":49,"column":7}},"16":{"start":{"line":49,"column":2},"end":{"line":49,"column":30}},"17":{"start":{"line":48,"column":13},"end":{"line":48,"column":40}},"18":{"start":{"line":51,"column":38},"end":{"line":52,"column":7}},"19":{"start":{"line":52,"column":2},"end":{"line":52,"column":26}},"20":{"start":{"line":51,"column":13},"end":{"line":51,"column":38}},"21":{"start":{"line":54,"column":0},"end":{"line":54,"column":40}}},"fnMap":{"0":{"name":"(anonymous_0)","decl":{"start":{"line":28,"column":17},"end":{"line":28,"column":18}},"loc":{"start":{"line":28,"column":25},"end":{"line":42,"column":3}}},"1":{"name":"(anonymous_1)","decl":{"start":{"line":30,"column":41},"end":{"line":30,"column":42}},"loc":{"start":{"line":30,"column":47},"end":{"line":33,"column":7}}},"2":{"name":"(anonymous_2)","decl":{"start":{"line":34,"column":43},"end":{"line":34,"column":44}},"loc":{"start":{"line":34,"column":57},"end":{"line":37,"column":7}}},"3":{"name":"(anonymous_3)","decl":{"start":{"line":38,"column":42},"end":{"line":38,"column":43}},"loc":{"start":{"line":38,"column":48},"end":{"line":41,"column":7}}},"4":{"name":"(anonymous_4)","decl":{"start":{"line":45,"column":33},"end":{"line":45,"column":34}},"loc":{"start":{"line":45,"column":50},"end":{"line":46,"column":7}}},"5":{"name":"(anonymous_5)","decl":{"start":{"line":48,"column":40},"end":{"line":48,"column":41}},"loc":{"start":{"line":48,"column":57},"end":{"line":49,"column":7}}},"6":{"name":"(anonymous_6)","decl":{"start":{"line":51,"column":38},"end":{"line":51,"column":39}},"loc":{"start":{"line":51,"column":55},"end":{"line":52,"column":7}}}},"branchMap":{},"s":{"0":2,"1":2,"2":2,"3":2,"4":2,"5":2,"6":1,"7":1,"8":1,"9":1,"10":1,"11":1,"12":2,"13":0,"14":2,"15":2,"16":0,"17":2,"18":2,"19":0,"20":2,"21":2},"f":{"0":2,"1":1,"2":1,"3":1,"4":0,"5":0,"6":0},"b":{}}
,"C:\\temp\\Ярик\\code\\src\\services\\slices\\orderSlice.ts": {"path":"C:\\temp\\Ярик\\code\\src\\services\\slices\\orderSlice.ts","statementMap":{"0":{"start":{"line":1,"column":0},"end":{"line":1,"column":null}},"1":{"start":{"line":7,"column":0},"end":{"line":7,"column":38}},"2":{"start":{"line":17,"column":34},"end":{"line":21,"column":2}},"3":{"start":{"line":23,"column":13},"end":{"line":39,"column":2}},"4":{"start":{"line":25,"column":22},"end":{"line":38,"column":null}},"5":{"start":{"line":26,"column":17},"end":{"line":26,"column":null}},"6":{"start":{"line":26,"column":10},"end":{"line":26,"column":null}},"7":{"start":{"line":29,"column":4},"end":{"line":37,"column":6}},"8":{"start":{"line":41,"column":19},"end":{"line":70,"column":2}},"9":{"start":{"line":46,"column":6},"end":{"line":46,"column":33}},"10":{"start":{"line":47,"column":6},"end":{"line":47,"column":34}},"11":{"start":{"line":48,"column":6},"end":{"line":48,"column":25}},"12":{"start":{"line":52,"column":4},"end":{"line":68,"column":9}},"13":{"start":{"line":54,"column":8},"end":{"line":54,"column":34}},"14":{"start":{"line":55,"column":8},"end":{"line":55,"column":27}},"15":{"start":{"line":56,"column":8},"end":{"line":56,"column":36}},"16":{"start":{"line":61,"column":10},"end":{"line":61,"column":37}},"17":{"start":{"line":62,"column":10},"end":{"line":62,"column":48}},"18":{"start":{"line":66,"column":8},"end":{"line":66,"column":35}},"19":{"start":{"line":67,"column":8},"end":{"line":67,"column":73}},"20":{"start":{"line":72,"column":15},"end":{"line":72,"column":49}},"21":{"start":{"line":74,"column":34},"end":{"line":75,"column":7}},"22":{"start":{"line":75,"column":2},"end":{"line":75,"column":27}},"23":{"start":{"line":74,"column":13},"end":{"line":74,"column":34}},"24":{"start":{"line":76,"column":36},"end":{"line":77,"column":7}},"25":{"start":{"line":77,"column":2},"end":{"line":77,"column":29}},"26":{"start":{"line":76,"column":13},"end":{"line":76,"column":36}},"27":{"start":{"line":78,"column":32},"end":{"line":78,"column":59}},"28":{"start":{"line":78,"column":54},"end":{"line":78,"column":72}},"29":{"start":{"line":78,"column":13},"end":{"line":78,"column":32}},"30":{"start":{"line":80,"column":0},"end":{"line":80,"column":34}}},"fnMap":{"0":{"name":"(anonymous_13)","decl":{"start":{"line":25,"column":2},"end":{"line":25,"column":9}},"loc":{"start":{"line":25,"column":22},"end":{"line":38,"column":null}}},"1":{"name":"(anonymous_14)","decl":{"start":{"line":25,"column":22},"end":{"line":25,"column":null}},"loc":{"start":{"line":25,"column":22},"end":{"line":38,"column":null}}},"2":{"name":"(anonymous_16)","decl":{"start":{"line":45,"column":16},"end":{"line":45,"column":17}},"loc":{"start":{"line":45,"column":22},"end":{"line":49,"column":5}}},"3":{"name":"(anonymous_17)","decl":{"start":{"line":51,"column":17},"end":{"line":51,"column":18}},"loc":{"start":{"line":51,"column":25},"end":{"line":69,"column":3}}},"4":{"name":"(anonymous_18)","decl":{"start":{"line":53,"column":36},"end":{"line":53,"column":37}},"loc":{"start":{"line":53,"column":42},"end":{"line":57,"column":7}}},"5":{"name":"(anonymous_19)","decl":{"start":{"line":60,"column":8},"end":{"line":60,"column":9}},"loc":{"start":{"line":60,"column":45},"end":{"line":63,"column":9}}},"6":{"name":"(anonymous_20)","decl":{"start":{"line":65,"column":37},"end":{"line":65,"column":38}},"loc":{"start":{"line":65,"column":51},"end":{"line":68,"column":7}}},"7":{"name":"(anonymous_21)","decl":{"start":{"line":74,"column":34},"end":{"line":74,"column":35}},"loc":{"start":{"line":74,"column":51},"end":{"line":75,"column":7}}},"8":{"name":"(anonymous_22)","decl":{"start":{"line":76,"column":36},"end":{"line":76,"column":37}},"loc":{"start":{"line":76,"column":53},"end":{"line":77,"column":7}}},"9":{"name":"(anonymous_23)","decl":{"start":{"line":78,"column":32},"end":{"line":78,"column":33}},"loc":{"start":{"line":78,"column":49},"end":{"line":78,"column":59}}}},"branchMap":{"0":{"loc":{"start":{"line":26,"column":17},"end":{"line":26,"column":null}},"type":"switch","locations":[{"start":{"line":26,"column":17},"end":{"line":26,"column":null}}]},"1":{"loc":{"start":{"line":67,"column":22},"end":{"line":67,"column":72}},"type":"binary-expr","locations":[{"start":{"line":67,"column":22},"end":{"line":67,"column":42}},{"start":{"line":67,"column":46},"end":{"line":67,"column":72}}]}},"s":{"0":2,"1":2,"2":2,"3":2,"4":0,"5":0,"6":0,"7":0,"8":2,"9":1,"10":1,"11":1,"12":2,"13":1,"14":1,"15":1,"16":1,"17":1,"18":1,"19":1,"20":2,"21":2,"22":0,"23":2,"24":2,"25":0,"26":2,"27":2,"28":0,"29":2,"30":2},"f":{"0":0,"1":0,"2":1,"3":2,"4":1,"5":1,"6":1,"7":0,"8":0,"9":0},"b":{"0":[0],"1":[1,0]}}
,"C:\\temp\\Ярик\\code\\src\\utils\\burger-api.ts": {"path":"C:\\temp\\Ярик\\code\\src\\utils\\burger-api.ts","statementMap":{"0":{"start":{"line":1,"column":0},"end":{"line":1,"column":48}},"1":{"start":{"line":4,"column":24},"end":{"line":4,"column":65}},"2":{"start":{"line":5,"column":12},"end":{"line":5,"column":57}},"3":{"start":{"line":7,"column":18},"end":{"line":17,"column":2}},"4":{"start":{"line":7,"column":41},"end":{"line":17,"column":2}},"5":{"start":{"line":8,"column":15},"end":{"line":8,"column":null}},"6":{"start":{"line":8,"column":8},"end":{"line":8,"column":null}},"7":{"start":{"line":10,"column":2},"end":{"line":16,"column":3}},"8":{"start":{"line":11,"column":4},"end":{"line":11,"column":33}},"9":{"start":{"line":13,"column":4},"end":{"line":15,"column":7}},"10":{"start":{"line":19,"column":22},"end":{"line":27,"column":2}},"11":{"start":{"line":19,"column":45},"end":{"line":27,"column":2}},"12":{"start":{"line":20,"column":15},"end":{"line":20,"column":null}},"13":{"start":{"line":20,"column":8},"end":{"line":20,"column":null}},"14":{"start":{"line":22,"column":2},"end":{"line":24,"column":3}},"15":{"start":{"line":23,"column":4},"end":{"line":23,"column":16}},"16":{"start":{"line":26,"column":2},"end":{"line":26,"column":30}},"17":{"start":{"line":38,"column":28},"end":{"line":39,"column":7}},"18":{"start":{"line":39,"column":2},"end":{"line":58,"column":7}},"19":{"start":{"line":48,"column":19},"end":{"line":48,"column":56}},"20":{"start":{"line":50,"column":6},"end":{"line":52,"column":7}},"21":{"start":{"line":51,"column":8},"end":{"line":51,"column":43}},"22":{"start":{"line":54,"column":6},"end":{"line":54,"column":69}},"23":{"start":{"line":55,"column":6},"end":{"line":55,"column":56}},"24":{"start":{"line":57,"column":6},"end":{"line":57,"column":25}},"25":{"start":{"line":38,"column":13},"end":{"line":38,"column":28}},"26":{"start":{"line":60,"column":32},"end":{"line":84,"column":2}},"27":{"start":{"line":62,"column":22},"end":{"line":84,"column":2}},"28":{"start":{"line":65,"column":16},"end":{"line":65,"column":null}},"29":{"start":{"line":65,"column":10},"end":{"line":65,"column":null}},"30":{"start":{"line":67,"column":11},"end":{"line":67,"column":39}},"31":{"start":{"line":67,"column":4},"end":{"line":67,"column":39}},"32":{"start":{"line":69,"column":8},"end":{"line":69,"column":9}},"33":{"start":{"line":70,"column":26},"end":{"line":70,"column":null}},"34":{"start":{"line":70,"column":12},"end":{"line":70,"column":null}},"35":{"start":{"line":72,"column":6},"end":{"line":75,"column":7}},"36":{"start":{"line":73,"column":9},"end":{"line":74,"column":34}},"37":{"start":{"line":77,"column":18},"end":{"line":77,"column":null}},"38":{"start":{"line":77,"column":12},"end":{"line":77,"column":null}},"39":{"start":{"line":79,"column":13},"end":{"line":79,"column":41}},"40":{"start":{"line":79,"column":6},"end":{"line":79,"column":41}},"41":{"start":{"line":82,"column":4},"end":{"line":82,"column":31}},"42":{"start":{"line":60,"column":13},"end":{"line":60,"column":32}},"43":{"start":{"line":96,"column":33},"end":{"line":97,"column":7}},"44":{"start":{"line":97,"column":2},"end":{"line":110,"column":7}},"45":{"start":{"line":103,"column":19},"end":{"line":103,"column":60}},"46":{"start":{"line":105,"column":6},"end":{"line":107,"column":7}},"47":{"start":{"line":106,"column":8},"end":{"line":106,"column":25}},"48":{"start":{"line":109,"column":6},"end":{"line":109,"column":34}},"49":{"start":{"line":96,"column":13},"end":{"line":96,"column":33}},"50":{"start":{"line":112,"column":27},"end":{"line":113,"column":7}},"51":{"start":{"line":113,"column":2},"end":{"line":126,"column":7}},"52":{"start":{"line":119,"column":19},"end":{"line":119,"column":54}},"53":{"start":{"line":121,"column":6},"end":{"line":123,"column":7}},"54":{"start":{"line":122,"column":8},"end":{"line":122,"column":20}},"55":{"start":{"line":125,"column":6},"end":{"line":125,"column":34}},"56":{"start":{"line":112,"column":13},"end":{"line":112,"column":27}},"57":{"start":{"line":128,"column":28},"end":{"line":129,"column":18}},"58":{"start":{"line":129,"column":2},"end":{"line":141,"column":5}},"59":{"start":{"line":136,"column":4},"end":{"line":138,"column":5}},"60":{"start":{"line":137,"column":6},"end":{"line":137,"column":25}},"61":{"start":{"line":140,"column":4},"end":{"line":140,"column":32}},"62":{"start":{"line":128,"column":13},"end":{"line":128,"column":28}},"63":{"start":{"line":166,"column":30},"end":{"line":167,"column":18}},"64":{"start":{"line":167,"column":2},"end":{"line":182,"column":5}},"65":{"start":{"line":177,"column":4},"end":{"line":179,"column":5}},"66":{"start":{"line":178,"column":6},"end":{"line":178,"column":26}},"67":{"start":{"line":181,"column":4},"end":{"line":181,"column":40}},"68":{"start":{"line":166,"column":13},"end":{"line":166,"column":30}},"69":{"start":{"line":188,"column":35},"end":{"line":189,"column":7}},"70":{"start":{"line":189,"column":2},"end":{"line":196,"column":55}},"71":{"start":{"line":196,"column":19},"end":{"line":196,"column":54}},"72":{"start":{"line":188,"column":13},"end":{"line":188,"column":35}},"73":{"start":{"line":210,"column":31},"end":{"line":211,"column":7}},"74":{"start":{"line":211,"column":2},"end":{"line":225,"column":7}},"75":{"start":{"line":218,"column":19},"end":{"line":218,"column":53}},"76":{"start":{"line":220,"column":6},"end":{"line":222,"column":7}},"77":{"start":{"line":221,"column":8},"end":{"line":221,"column":28}},"78":{"start":{"line":224,"column":6},"end":{"line":224,"column":42}},"79":{"start":{"line":210,"column":13},"end":{"line":210,"column":31}},"80":{"start":{"line":232,"column":28},"end":{"line":233,"column":7}},"81":{"start":{"line":233,"column":2},"end":{"line":247,"column":7}},"82":{"start":{"line":240,"column":19},"end":{"line":240,"column":53}},"83":{"start":{"line":242,"column":6},"end":{"line":244,"column":7}},"84":{"start":{"line":243,"column":8},"end":{"line":243,"column":28}},"85":{"start":{"line":246,"column":6},"end":{"line":246,"column":42}},"86":{"start":{"line":232,"column":13},"end":{"line":232,"column":28}},"87":{"start":{"line":249,"column":33},"end":{"line":250,"column":7}},"88":{"start":{"line":250,"column":2},"end":{"line":264,"column":7}},"89":{"start":{"line":257,"column":19},"end":{"line":257,"column":78}},"90":{"start":{"line":259,"column":6},"end":{"line":261,"column":7}},"91":{"start":{"line":260,"column":8},"end":{"line":260,"column":28}},"92":{"start":{"line":263,"column":6},"end":{"line":263,"column":42}},"93":{"start":{"line":249,"column":13},"end":{"line":249,"column":33}},"94":{"start":{"line":266,"column":32},"end":{"line":267,"column":7}},"95":{"start":{"line":267,"column":2},"end":{"line":281,"column":7}},"96":{"start":{"line":274,"column":19},"end":{"line":274,"column":78}},"97":{"start":{"line":276,"column":6},"end":{"line":278,"column":7}},"98":{"start":{"line":277,"column":8},"end":{"line":277,"column":28}},"99":{"start":{"line":280,"column":6},"end":{"line":280,"column":42}},"100":{"start":{"line":266,"column":13},"end":{"line":266,"column":32}},"101":{"start":{"line":285,"column":26},"end":{"line":286,"column":18}},"102":{"start":{"line":286,"column":2},"end":{"line":290,"column":5}},"103":{"start":{"line":285,"column":13},"end":{"line":285,"column":26}},"104":{"start":{"line":292,"column":29},"end":{"line":293,"column":18}},"105":{"start":{"line":293,"column":2},"end":{"line":300,"column":5}},"106":{"start":{"line":292,"column":13},"end":{"line":292,"column":29}},"107":{"start":{"line":302,"column":25},"end":{"line":303,"column":7}},"108":{"start":{"line":303,"column":2},"end":{"line":311,"column":79}},"109":{"start":{"line":311,"column":19},"end":{"line":311,"column":78}},"110":{"start":{"line":302,"column":13},"end":{"line":302,"column":25}}},"fnMap":{"0":{"name":"(anonymous_13)","decl":{"start":{"line":7,"column":18},"end":{"line":7,"column":28}},"loc":{"start":{"line":7,"column":41},"end":{"line":17,"column":2}}},"1":{"name":"(anonymous_14)","decl":{"start":{"line":7,"column":41},"end":{"line":7,"column":null}},"loc":{"start":{"line":7,"column":41},"end":{"line":17,"column":2}}},"2":{"name":"(anonymous_16)","decl":{"start":{"line":19,"column":22},"end":{"line":19,"column":32}},"loc":{"start":{"line":19,"column":45},"end":{"line":27,"column":2}}},"3":{"name":"(anonymous_17)","decl":{"start":{"line":19,"column":45},"end":{"line":19,"column":null}},"loc":{"start":{"line":19,"column":45},"end":{"line":27,"column":2}}},"4":{"name":"(anonymous_19)","decl":{"start":{"line":38,"column":28},"end":{"line":38,"column":null}},"loc":{"start":{"line":38,"column":28},"end":{"line":39,"column":7}}},"5":{"name":"(anonymous_20)","decl":{"start":{"line":48,"column":10},"end":{"line":48,"column":11}},"loc":{"start":{"line":48,"column":14},"end":{"line":48,"column":32}}},"6":{"name":"(anonymous_21)","decl":{"start":{"line":49,"column":10},"end":{"line":49,"column":11}},"loc":{"start":{"line":49,"column":22},"end":{"line":58,"column":5}}},"7":{"name":"(anonymous_22)","decl":{"start":{"line":60,"column":32},"end":{"line":60,"column":null}},"loc":{"start":{"line":62,"column":22},"end":{"line":84,"column":2}}},"8":{"name":"(anonymous_23)","decl":{"start":{"line":62,"column":22},"end":{"line":62,"column":null}},"loc":{"start":{"line":62,"column":22},"end":{"line":84,"column":2}}},"9":{"name":"(anonymous_25)","decl":{"start":{"line":96,"column":33},"end":{"line":96,"column":null}},"loc":{"start":{"line":96,"column":33},"end":{"line":97,"column":7}}},"10":{"name":"(anonymous_26)","decl":{"start":{"line":103,"column":10},"end":{"line":103,"column":11}},"loc":{"start":{"line":103,"column":14},"end":{"line":103,"column":32}}},"11":{"name":"(anonymous_27)","decl":{"start":{"line":104,"column":10},"end":{"line":104,"column":11}},"loc":{"start":{"line":104,"column":15},"end":{"line":110,"column":5}}},"12":{"name":"(anonymous_28)","decl":{"start":{"line":112,"column":27},"end":{"line":112,"column":null}},"loc":{"start":{"line":112,"column":27},"end":{"line":113,"column":7}}},"13":{"name":"(anonymous_29)","decl":{"start":{"line":119,"column":10},"end":{"line":119,"column":11}},"loc":{"start":{"line":119,"column":14},"end":{"line":119,"column":32}}},"14":{"name":"(anonymous_30)","decl":{"start":{"line":120,"column":10},"end":{"line":120,"column":11}},"loc":{"start":{"line":120,"column":15},"end":{"line":126,"column":5}}},"15":{"name":"(anonymous_31)","decl":{"start":{"line":128,"column":28},"end":{"line":128,"column":null}},"loc":{"start":{"line":128,"column":28},"end":{"line":129,"column":18}}},"16":{"name":"(anonymous_32)","decl":{"start":{"line":135,"column":10},"end":{"line":135,"column":11}},"loc":{"start":{"line":135,"column":15},"end":{"line":141,"column":3}}},"17":{"name":"(anonymous_33)","decl":{"start":{"line":166,"column":30},"end":{"line":166,"column":31}},"loc":{"start":{"line":166,"column":45},"end":{"line":167,"column":18}}},"18":{"name":"(anonymous_34)","decl":{"start":{"line":176,"column":10},"end":{"line":176,"column":11}},"loc":{"start":{"line":176,"column":23},"end":{"line":182,"column":3}}},"19":{"name":"(anonymous_35)","decl":{"start":{"line":188,"column":35},"end":{"line":188,"column":36}},"loc":{"start":{"line":188,"column":50},"end":{"line":189,"column":7}}},"20":{"name":"(anonymous_36)","decl":{"start":{"line":196,"column":10},"end":{"line":196,"column":11}},"loc":{"start":{"line":196,"column":14},"end":{"line":196,"column":32}}},"21":{"name":"(anonymous_37)","decl":{"start":{"line":210,"column":31},"end":{"line":210,"column":32}},"loc":{"start":{"line":210,"column":51},"end":{"line":211,"column":7}}},"22":{"name":"(anonymous_38)","decl":{"start":{"line":218,"column":10},"end":{"line":218,"column":11}},"loc":{"start":{"line":218,"column":14},"end":{"line":218,"column":32}}},"23":{"name":"(anonymous_39)","decl":{"start":{"line":219,"column":10},"end":{"line":219,"column":11}},"loc":{"start":{"line":219,"column":23},"end":{"line":225,"column":5}}},"24":{"name":"(anonymous_40)","decl":{"start":{"line":232,"column":28},"end":{"line":232,"column":29}},"loc":{"start":{"line":232,"column":45},"end":{"line":233,"column":7}}},"25":{"name":"(anonymous_41)","decl":{"start":{"line":240,"column":10},"end":{"line":240,"column":11}},"loc":{"start":{"line":240,"column":14},"end":{"line":240,"column":32}}},"26":{"name":"(anonymous_42)","decl":{"start":{"line":241,"column":10},"end":{"line":241,"column":11}},"loc":{"start":{"line":241,"column":23},"end":{"line":247,"column":5}}},"27":{"name":"(anonymous_43)","decl":{"start":{"line":249,"column":33},"end":{"line":249,"column":34}},"loc":{"start":{"line":249,"column":57},"end":{"line":250,"column":7}}},"28":{"name":"(anonymous_44)","decl":{"start":{"line":257,"column":10},"end":{"line":257,"column":11}},"loc":{"start":{"line":257,"column":14},"end":{"line":257,"column":32}}},"29":{"name":"(anonymous_45)","decl":{"start":{"line":258,"column":10},"end":{"line":258,"column":11}},"loc":{"start":{"line":258,"column":23},"end":{"line":264,"column":5}}},"30":{"name":"(anonymous_46)","decl":{"start":{"line":266,"column":32},"end":{"line":266,"column":33}},"loc":{"start":{"line":266,"column":74},"end":{"line":267,"column":7}}},"31":{"name":"(anonymous_47)","decl":{"start":{"line":274,"column":10},"end":{"line":274,"column":11}},"loc":{"start":{"line":274,"column":14},"end":{"line":274,"column":32}}},"32":{"name":"(anonymous_48)","decl":{"start":{"line":275,"column":10},"end":{"line":275,"column":11}},"loc":{"start":{"line":275,"column":23},"end":{"line":281,"column":5}}},"33":{"name":"(anonymous_49)","decl":{"start":{"line":285,"column":26},"end":{"line":285,"column":null}},"loc":{"start":{"line":285,"column":26},"end":{"line":286,"column":18}}},"34":{"name":"(anonymous_50)","decl":{"start":{"line":292,"column":29},"end":{"line":292,"column":30}},"loc":{"start":{"line":292,"column":58},"end":{"line":293,"column":18}}},"35":{"name":"(anonymous_51)","decl":{"start":{"line":302,"column":25},"end":{"line":302,"column":null}},"loc":{"start":{"line":302,"column":25},"end":{"line":303,"column":7}}},"36":{"name":"(anonymous_52)","decl":{"start":{"line":311,"column":10},"end":{"line":311,"column":11}},"loc":{"start":{"line":311,"column":14},"end":{"line":311,"column":32}}}},"branchMap":{"0":{"loc":{"start":{"line":5,"column":12},"end":{"line":5,"column":57}},"type":"binary-expr","locations":[{"start":{"line":5,"column":12},"end":{"line":5,"column":38}},{"start":{"line":5,"column":42},"end":{"line":5,"column":57}}]},"1":{"loc":{"start":{"line":8,"column":15},"end":{"line":8,"column":null}},"type":"switch","locations":[{"start":{"line":8,"column":15},"end":{"line":8,"column":null}}]},"2":{"loc":{"start":{"line":14,"column":15},"end":{"line":14,"column":43}},"type":"binary-expr","locations":[{"start":{"line":14,"column":15},"end":{"line":14,"column":19}},{"start":{"line":14,"column":23},"end":{"line":14,"column":43}}]},"3":{"loc":{"start":{"line":20,"column":15},"end":{"line":20,"column":null}},"type":"switch","locations":[{"start":{"line":20,"column":15},"end":{"line":20,"column":null}}]},"4":{"loc":{"start":{"line":22,"column":2},"end":{"line":24,"column":3}},"type":"if","locations":[{"start":{"line":22,"column":2},"end":{"line":24,"column":3}}]},"5":{"loc":{"start":{"line":50,"column":6},"end":{"line":52,"column":7}},"type":"if","locations":[{"start":{"line":50,"column":6},"end":{"line":52,"column":7}}]},"6":{"loc":{"start":{"line":67,"column":4},"end":{"line":67,"column":39}},"type":"switch","locations":[{"start":{"line":67,"column":4},"end":{"line":67,"column":39}},{"start":{"line":79,"column":6},"end":{"line":79,"column":41}},{"start":{"line":82,"column":4},"end":{"line":82,"column":31}}]},"7":{"loc":{"start":{"line":69,"column":8},"end":{"line":69,"column":9}},"type":"if","locations":[{"start":{"line":69,"column":8},"end":{"line":69,"column":9}}]},"8":{"loc":{"start":{"line":72,"column":6},"end":{"line":75,"column":7}},"type":"if","locations":[{"start":{"line":72,"column":6},"end":{"line":75,"column":7}}]},"9":{"loc":{"start":{"line":105,"column":6},"end":{"line":107,"column":7}},"type":"if","locations":[{"start":{"line":105,"column":6},"end":{"line":107,"column":7}}]},"10":{"loc":{"start":{"line":121,"column":6},"end":{"line":123,"column":7}},"type":"if","locations":[{"start":{"line":121,"column":6},"end":{"line":123,"column":7}}]},"11":{"loc":{"start":{"line":136,"column":4},"end":{"line":138,"column":5}},"type":"if","locations":[{"start":{"line":136,"column":4},"end":{"line":138,"column":5}}]},"12":{"loc":{"start":{"line":177,"column":4},"end":{"line":179,"column":5}},"type":"if","locations":[{"start":{"line":177,"column":4},"end":{"line":179,"column":5}}]},"13":{"loc":{"start":{"line":220,"column":6},"end":{"line":222,"column":7}},"type":"if","locations":[{"start":{"line":220,"column":6},"end":{"line":222,"column":7}}]},"14":{"loc":{"start":{"line":242,"column":6},"end":{"line":244,"column":7}},"type":"if","locations":[{"start":{"line":242,"column":6},"end":{"line":244,"column":7}}]},"15":{"loc":{"start":{"line":259,"column":6},"end":{"line":261,"column":7}},"type":"if","locations":[{"start":{"line":259,"column":6},"end":{"line":261,"column":7}}]},"16":{"loc":{"start":{"line":276,"column":6},"end":{"line":278,"column":7}},"type":"if","locations":[{"start":{"line":276,"column":6},"end":{"line":278,"column":7}}]}},"s":{"0":4,"1":4,"2":4,"3":4,"4":0,"5":0,"6":0,"7":0,"8":0,"9":0,"10":4,"11":0,"12":0,"13":0,"14":0,"15":0,"16":0,"17":4,"18":0,"19":0,"20":0,"21":0,"22":0,"23":0,"24":0,"25":4,"26":4,"27":0,"28":0,"29":0,"30":0,"31":0,"32":0,"33":0,"34":0,"35":0,"36":0,"37":0,"38":0,"39":0,"40":0,"41":0,"42":4,"43":4,"44":0,"45":0,"46":0,"47":0,"48":0,"49":4,"50":4,"51":0,"52":0,"53":0,"54":0,"55":0,"56":4,"57":4,"58":0,"59":0,"60":0,"61":0,"62":4,"63":4,"64":0,"65":0,"66":0,"67":0,"68":4,"69":4,"70":0,"71":0,"72":4,"73":4,"74":0,"75":0,"76":0,"77":0,"78":0,"79":4,"80":4,"81":0,"82":0,"83":0,"84":0,"85":0,"86":4,"87":4,"88":0,"89":0,"90":0,"91":0,"92":0,"93":4,"94":4,"95":0,"96":0,"97":0,"98":0,"99":0,"100":4,"101":4,"102":0,"103":4,"104":4,"105":0,"106":4,"107":4,"108":0,"109":0,"110":4},"f":{"0":0,"1":0,"2":0,"3":0,"4":0,"5":0,"6":0,"7":0,"8":0,"9":0,"10":0,"11":0,"12":0,"13":0,"14":0,"15":0,"16":0,"17":0,"18":0,"19":0,"20":0,"21":0,"22":0,"23":0,"24":0,"25":0,"26":0,"27":0,"28":0,"29":0,"30":0,"31":0,"32":0,"33":0,"34":0,"35":0,"36":0},"b":{"0":[4,4],"1":[0],"2":[0,0],"3":[0],"4":[0],"5":[0],"6":[0,0,0],"7":[0],"8":[0],"9":[0],"10":[0],"11":[0],"12":[0],"13":[0],"14":[0],"15":[0],"16":[0]}}
,"C:\\temp\\Ярик\\code\\src\\utils\\cookie.ts": {"path":"C:\\temp\\Ярик\\code\\src\\utils\\cookie.ts","statementMap":{"0":{"start":{"line":2,"column":18},"end":{"line":5,"column":null}},"1":{"start":{"line":7,"column":2},"end":{"line":7,"column":62}},"2":{"start":{"line":1,"column":0},"end":{"line":1,"column":16}},"3":{"start":{"line":13,"column":2},"end":{"line":13,"column":null}},"4":{"start":{"line":15,"column":2},"end":{"line":18,"column":4}},"5":{"start":{"line":20,"column":12},"end":{"line":20,"column":25}},"6":{"start":{"line":21,"column":2},"end":{"line":25,"column":3}},"7":{"start":{"line":22,"column":14},"end":{"line":22,"column":24}},"8":{"start":{"line":23,"column":4},"end":{"line":23,"column":40}},"9":{"start":{"line":24,"column":4},"end":{"line":24,"column":28}},"10":{"start":{"line":27,"column":2},"end":{"line":29,"column":3}},"11":{"start":{"line":28,"column":4},"end":{"line":28,"column":38}},"12":{"start":{"line":30,"column":2},"end":{"line":30,"column":36}},"13":{"start":{"line":31,"column":22},"end":{"line":31,"column":40}},"14":{"start":{"line":32,"column":2},"end":{"line":38,"column":3}},"15":{"start":{"line":33,"column":4},"end":{"line":33,"column":37}},"16":{"start":{"line":34,"column":22},"end":{"line":34,"column":37}},"17":{"start":{"line":35,"column":4},"end":{"line":37,"column":5}},"18":{"start":{"line":36,"column":6},"end":{"line":36,"column":39}},"19":{"start":{"line":39,"column":2},"end":{"line":39,"column":34}},"20":{"start":{"line":10,"column":0},"end":{"line":10,"column":16}},"21":{"start":{"line":43,"column":2},"end":{"line":43,"column":39}},"22":{"start":{"line":42,"column":0},"end":{"line":42,"column":16}}},"fnMap":{"0":{"name":"getCookie","decl":{"start":{"line":1,"column":16},"end":{"line":1,"column":25}},"loc":{"start":{"line":1,"column":38},"end":{"line":8,"column":1}}},"1":{"name":"setCookie","decl":{"start":{"line":10,"column":16},"end":{"line":10,"column":25}},"loc":{"start":{"line":13,"column":65},"end":{"line":40,"column":1}}},"2":{"name":"deleteCookie","decl":{"start":{"line":42,"column":16},"end":{"line":42,"column":28}},"loc":{"start":{"line":42,"column":41},"end":{"line":44,"column":1}}}},"branchMap":{"0":{"loc":{"start":{"line":7,"column":9},"end":{"line":7,"column":61}},"type":"cond-expr","locations":[{"start":{"line":7,"column":19},"end":{"line":7,"column":49}},{"start":{"line":7,"column":52},"end":{"line":7,"column":61}}]},"1":{"loc":{"start":{"line":13,"column":2},"end":{"line":13,"column":null}},"type":"if","locations":[{"start":{"line":13,"column":2},"end":{"line":13,"column":null}}]},"2":{"loc":{"start":{"line":21,"column":2},"end":{"line":25,"column":3}},"type":"if","locations":[{"start":{"line":21,"column":2},"end":{"line":25,"column":3}}]},"3":{"loc":{"start":{"line":21,"column":6},"end":{"line":21,"column":36}},"type":"binary-expr","locations":[{"start":{"line":21,"column":6},"end":{"line":21,"column":9}},{"start":{"line":21,"column":13},"end":{"line":21,"column":36}}]},"4":{"loc":{"start":{"line":27,"column":2},"end":{"line":29,"column":3}},"type":"if","locations":[{"start":{"line":27,"column":2},"end":{"line":29,"column":3}}]},"5":{"loc":{"start":{"line":27,"column":6},"end":{"line":27,"column":32}},"type":"binary-expr","locations":[{"start":{"line":27,"column":6},"end":{"line":27,"column":9}},{"start":{"line":27,"column":13},"end":{"line":27,"column":32}}]},"6":{"loc":{"start":{"line":35,"column":4},"end":{"line":37,"column":5}},"type":"if","locations":[{"start":{"line":35,"column":4},"end":{"line":37,"column":5}}]}},"s":{"0":0,"1":0,"2":4,"3":0,"4":0,"5":0,"6":0,"7":0,"8":0,"9":0,"10":0,"11":0,"12":0,"13":0,"14":0,"15":0,"16":0,"17":0,"18":0,"19":0,"20":4,"21":0,"22":4},"f":{"0":0,"1":0,"2":0},"b":{"0":[0,0],"1":[0],"2":[0],"3":[0,0],"4":[0],"5":[0,0],"6":[0]}}
}
