TN:
SF:src\services\rootReducer.ts
FNF:0
FNH:0
DA:1,1
DA:3,1
DA:4,1
DA:5,1
DA:6,1
DA:7,1
DA:9,1
LF:7
LH:7
BRF:0
BRH:0
end_of_record
TN:
SF:src\services\slices\authSlice.ts
FN:30,(anonymous_13)
FN:35,(anonymous_14)
FN:40,(anonymous_15)
FN:53,(anonymous_16)
FN:53,(anonymous_17)
FN:64,(anonymous_19)
FN:64,(anonymous_20)
FN:75,(anonymous_22)
FN:104,(anonymous_25)
FN:104,(anonymous_26)
FN:117,(anonymous_28)
FN:130,(anonymous_31)
FN:134,(anonymous_32)
FN:136,(anonymous_33)
FN:140,(anonymous_34)
FN:145,(anonymous_35)
FN:151,(anonymous_36)
FN:155,(anonymous_37)
FN:160,(anonymous_38)
FN:166,(anonymous_39)
FN:169,(anonymous_40)
FN:173,(anonymous_41)
FN:178,(anonymous_42)
FN:182,(anonymous_43)
FN:186,(anonymous_44)
FN:191,(anonymous_45)
FN:195,(anonymous_46)
FN:204,(anonymous_47)
FN:205,(anonymous_48)
FN:206,(anonymous_49)
FN:207,(anonymous_50)
FNF:31
FNH:7
FNDA:0,(anonymous_13)
FNDA:0,(anonymous_14)
FNDA:1,(anonymous_15)
FNDA:0,(anonymous_16)
FNDA:0,(anonymous_17)
FNDA:0,(anonymous_19)
FNDA:0,(anonymous_20)
FNDA:0,(anonymous_22)
FNDA:0,(anonymous_25)
FNDA:0,(anonymous_26)
FNDA:0,(anonymous_28)
FNDA:0,(anonymous_31)
FNDA:2,(anonymous_32)
FNDA:0,(anonymous_33)
FNDA:0,(anonymous_34)
FNDA:0,(anonymous_35)
FNDA:1,(anonymous_36)
FNDA:1,(anonymous_37)
FNDA:1,(anonymous_38)
FNDA:0,(anonymous_39)
FNDA:1,(anonymous_40)
FNDA:0,(anonymous_41)
FNDA:0,(anonymous_42)
FNDA:0,(anonymous_43)
FNDA:0,(anonymous_44)
FNDA:1,(anonymous_45)
FNDA:0,(anonymous_46)
FNDA:0,(anonymous_47)
FNDA:0,(anonymous_48)
FNDA:0,(anonymous_49)
FNDA:0,(anonymous_50)
DA:1,2
DA:5,2
DA:14,2
DA:23,2
DA:30,2
DA:31,0
DA:32,0
DA:35,2
DA:36,0
DA:37,0
DA:40,2
DA:41,1
DA:42,1
DA:43,1
DA:44,1
DA:48,0
DA:51,2
DA:53,0
DA:54,0
DA:56,0
DA:58,0
DA:62,2
DA:64,0
DA:65,0
DA:67,0
DA:69,0
DA:73,2
DA:75,0
DA:76,0
DA:80,0
DA:81,0
DA:85,0
DA:87,0
DA:88,0
DA:91,0
DA:93,0
DA:95,0
DA:97,0
DA:102,2
DA:104,0
DA:105,0
DA:107,0
DA:108,0
DA:111,0
DA:115,2
DA:117,0
DA:119,0
DA:121,0
DA:126,2
DA:131,0
DA:135,2
DA:137,0
DA:138,0
DA:141,0
DA:142,0
DA:143,0
DA:146,0
DA:147,0
DA:148,0
DA:152,1
DA:153,1
DA:156,1
DA:157,1
DA:158,1
DA:161,1
DA:162,1
DA:163,1
DA:167,0
DA:170,1
DA:171,1
DA:174,0
DA:175,0
DA:179,0
DA:180,0
DA:183,0
DA:184,0
DA:187,0
DA:188,0
DA:192,1
DA:193,1
DA:196,0
DA:197,0
DA:202,2
DA:204,2
DA:205,2
DA:206,2
DA:207,2
DA:208,0
DA:210,2
LF:89
LH:36
BRDA:41,0,0,1
BRDA:41,1,0,1
BRDA:41,1,1,1
BRDA:41,1,2,1
BRDA:43,2,0,1
BRDA:54,3,0,0
BRDA:65,4,0,0
BRDA:77,5,0,0
BRDA:77,5,1,0
BRDA:80,6,0,0
BRDA:87,7,0,0
BRDA:87,8,0,0
BRDA:87,8,1,0
BRDA:87,9,0,0
BRDA:87,9,1,0
BRDA:105,10,0,0
BRDA:107,11,0,0
BRDA:107,12,0,0
BRDA:107,12,1,0
BRDA:107,13,0,0
BRDA:107,13,1,0
BRF:21
BRH:5
end_of_record
TN:
SF:src\services\slices\burgerConstructorSlice.ts
FN:26,(anonymous_1)
FN:35,(anonymous_2)
FN:37,(anonymous_3)
FN:41,(anonymous_4)
FN:60,(anonymous_5)
FN:74,(anonymous_6)
FNF:6
FNH:5
FNDA:2,(anonymous_1)
FNDA:1,(anonymous_2)
FNDA:2,(anonymous_3)
FNDA:2,(anonymous_4)
FNDA:1,(anonymous_5)
FNDA:0,(anonymous_6)
DA:1,2
DA:12,2
DA:22,2
DA:27,2
DA:28,2
DA:29,1
DA:30,1
DA:32,1
DA:36,1
DA:37,2
DA:42,2
DA:44,2
DA:51,1
DA:54,1
DA:55,1
DA:56,1
DA:57,1
DA:61,1
DA:62,1
DA:68,2
DA:74,2
DA:75,0
DA:77,2
LF:23
LH:22
BRDA:28,0,0,1
BRDA:44,1,0,1
BRDA:45,2,0,2
BRDA:45,2,1,1
BRDA:45,2,2,1
BRDA:45,2,3,1
BRDA:45,2,4,1
BRF:7
BRH:7
end_of_record
TN:
SF:src\services\slices\feedsSlice.ts
FN:27,(anonymous_13)
FN:37,(anonymous_14)
FN:50,(anonymous_17)
FN:55,(anonymous_20)
FN:55,(anonymous_21)
FN:66,(anonymous_23)
FN:70,(anonymous_24)
FN:72,(anonymous_25)
FN:76,(anonymous_26)
FN:80,(anonymous_27)
FN:85,(anonymous_28)
FN:89,(anonymous_29)
FN:93,(anonymous_30)
FN:98,(anonymous_31)
FN:102,(anonymous_32)
FN:106,(anonymous_33)
FN:115,(anonymous_34)
FN:116,(anonymous_35)
FN:117,(anonymous_36)
FN:119,(anonymous_37)
FN:121,(anonymous_38)
FN:122,(anonymous_39)
FNF:22
FNH:1
FNDA:0,(anonymous_13)
FNDA:0,(anonymous_14)
FNDA:0,(anonymous_17)
FNDA:0,(anonymous_20)
FNDA:0,(anonymous_21)
FNDA:0,(anonymous_23)
FNDA:1,(anonymous_24)
FNDA:0,(anonymous_25)
FNDA:0,(anonymous_26)
FNDA:0,(anonymous_27)
FNDA:0,(anonymous_28)
FNDA:0,(anonymous_29)
FNDA:0,(anonymous_30)
FNDA:0,(anonymous_31)
FNDA:0,(anonymous_32)
FNDA:0,(anonymous_33)
FNDA:0,(anonymous_34)
FNDA:0,(anonymous_35)
FNDA:0,(anonymous_36)
FNDA:0,(anonymous_37)
FNDA:0,(anonymous_38)
FNDA:0,(anonymous_39)
DA:1,1
DA:5,1
DA:15,1
DA:27,1
DA:28,0
DA:29,0
DA:32,0
DA:35,1
DA:37,0
DA:38,0
DA:40,0
DA:48,1
DA:50,0
DA:53,1
DA:55,0
DA:56,0
DA:58,0
DA:62,1
DA:67,0
DA:71,1
DA:73,0
DA:74,0
DA:77,0
DA:78,0
DA:81,0
DA:82,0
DA:86,0
DA:87,0
DA:90,0
DA:91,0
DA:94,0
DA:95,0
DA:99,0
DA:100,0
DA:103,0
DA:104,0
DA:107,0
DA:108,0
DA:113,1
DA:115,1
DA:116,1
DA:117,1
DA:118,0
DA:119,1
DA:120,0
DA:121,1
DA:122,1
DA:124,1
LF:48
LH:17
BRDA:28,0,0,0
BRDA:28,1,0,0
BRDA:28,1,1,0
BRDA:28,1,2,0
BRDA:29,2,0,0
BRDA:29,2,1,0
BRDA:38,3,0,0
BRDA:56,4,0,0
BRDA:58,5,0,0
BRDA:58,5,1,0
BRF:10
BRH:0
end_of_record
TN:
SF:src\services\slices\ingredientsSlice.ts
FN:28,(anonymous_0)
FN:30,(anonymous_1)
FN:34,(anonymous_2)
FN:38,(anonymous_3)
FN:45,(anonymous_4)
FN:48,(anonymous_5)
FN:51,(anonymous_6)
FNF:7
FNH:4
FNDA:2,(anonymous_0)
FNDA:1,(anonymous_1)
FNDA:1,(anonymous_2)
FNDA:1,(anonymous_3)
FNDA:0,(anonymous_4)
FNDA:0,(anonymous_5)
FNDA:0,(anonymous_6)
DA:1,2
DA:3,2
DA:13,2
DA:19,2
DA:24,2
DA:29,2
DA:31,1
DA:32,1
DA:35,1
DA:36,1
DA:39,1
DA:40,1
DA:45,2
DA:46,0
DA:48,2
DA:49,0
DA:51,2
DA:52,0
DA:54,2
LF:19
LH:16
BRF:0
BRH:0
end_of_record
TN:
SF:src\services\slices\orderSlice.ts
FN:25,(anonymous_13)
FN:25,(anonymous_14)
FN:45,(anonymous_16)
FN:51,(anonymous_17)
FN:53,(anonymous_18)
FN:60,(anonymous_19)
FN:65,(anonymous_20)
FN:74,(anonymous_21)
FN:76,(anonymous_22)
FN:78,(anonymous_23)
FNF:10
FNH:5
FNDA:0,(anonymous_13)
FNDA:0,(anonymous_14)
FNDA:1,(anonymous_16)
FNDA:2,(anonymous_17)
FNDA:1,(anonymous_18)
FNDA:1,(anonymous_19)
FNDA:1,(anonymous_20)
FNDA:0,(anonymous_21)
FNDA:0,(anonymous_22)
FNDA:0,(anonymous_23)
DA:1,2
DA:7,2
DA:17,2
DA:23,2
DA:25,0
DA:26,0
DA:29,0
DA:41,2
DA:46,1
DA:47,1
DA:48,1
DA:52,2
DA:54,1
DA:55,1
DA:56,1
DA:61,1
DA:62,1
DA:66,1
DA:67,1
DA:72,2
DA:74,2
DA:75,0
DA:76,2
DA:77,0
DA:78,2
DA:80,2
LF:26
LH:21
BRDA:26,0,0,0
BRDA:67,1,0,1
BRDA:67,1,1,0
BRF:3
BRH:1
end_of_record
TN:
SF:src\utils\burger-api.ts
FN:7,(anonymous_13)
FN:7,(anonymous_14)
FN:19,(anonymous_16)
FN:19,(anonymous_17)
FN:38,(anonymous_19)
FN:48,(anonymous_20)
FN:49,(anonymous_21)
FN:60,(anonymous_22)
FN:62,(anonymous_23)
FN:96,(anonymous_25)
FN:103,(anonymous_26)
FN:104,(anonymous_27)
FN:112,(anonymous_28)
FN:119,(anonymous_29)
FN:120,(anonymous_30)
FN:128,(anonymous_31)
FN:135,(anonymous_32)
FN:166,(anonymous_33)
FN:176,(anonymous_34)
FN:188,(anonymous_35)
FN:196,(anonymous_36)
FN:210,(anonymous_37)
FN:218,(anonymous_38)
FN:219,(anonymous_39)
FN:232,(anonymous_40)
FN:240,(anonymous_41)
FN:241,(anonymous_42)
FN:249,(anonymous_43)
FN:257,(anonymous_44)
FN:258,(anonymous_45)
FN:266,(anonymous_46)
FN:274,(anonymous_47)
FN:275,(anonymous_48)
FN:285,(anonymous_49)
FN:292,(anonymous_50)
FN:302,(anonymous_51)
FN:311,(anonymous_52)
FNF:37
FNH:0
FNDA:0,(anonymous_13)
FNDA:0,(anonymous_14)
FNDA:0,(anonymous_16)
FNDA:0,(anonymous_17)
FNDA:0,(anonymous_19)
FNDA:0,(anonymous_20)
FNDA:0,(anonymous_21)
FNDA:0,(anonymous_22)
FNDA:0,(anonymous_23)
FNDA:0,(anonymous_25)
FNDA:0,(anonymous_26)
FNDA:0,(anonymous_27)
FNDA:0,(anonymous_28)
FNDA:0,(anonymous_29)
FNDA:0,(anonymous_30)
FNDA:0,(anonymous_31)
FNDA:0,(anonymous_32)
FNDA:0,(anonymous_33)
FNDA:0,(anonymous_34)
FNDA:0,(anonymous_35)
FNDA:0,(anonymous_36)
FNDA:0,(anonymous_37)
FNDA:0,(anonymous_38)
FNDA:0,(anonymous_39)
FNDA:0,(anonymous_40)
FNDA:0,(anonymous_41)
FNDA:0,(anonymous_42)
FNDA:0,(anonymous_43)
FNDA:0,(anonymous_44)
FNDA:0,(anonymous_45)
FNDA:0,(anonymous_46)
FNDA:0,(anonymous_47)
FNDA:0,(anonymous_48)
FNDA:0,(anonymous_49)
FNDA:0,(anonymous_50)
FNDA:0,(anonymous_51)
FNDA:0,(anonymous_52)
DA:1,4
DA:4,4
DA:5,4
DA:7,4
DA:8,0
DA:10,0
DA:11,0
DA:13,0
DA:19,4
DA:20,0
DA:22,0
DA:23,0
DA:26,0
DA:38,4
DA:39,0
DA:48,0
DA:50,0
DA:51,0
DA:54,0
DA:55,0
DA:57,0
DA:60,4
DA:62,0
DA:65,0
DA:67,0
DA:69,0
DA:70,0
DA:72,0
DA:73,0
DA:77,0
DA:79,0
DA:82,0
DA:96,4
DA:97,0
DA:103,0
DA:105,0
DA:106,0
DA:109,0
DA:112,4
DA:113,0
DA:119,0
DA:121,0
DA:122,0
DA:125,0
DA:128,4
DA:129,0
DA:136,0
DA:137,0
DA:140,0
DA:166,4
DA:167,0
DA:177,0
DA:178,0
DA:181,0
DA:188,4
DA:189,0
DA:196,0
DA:210,4
DA:211,0
DA:218,0
DA:220,0
DA:221,0
DA:224,0
DA:232,4
DA:233,0
DA:240,0
DA:242,0
DA:243,0
DA:246,0
DA:249,4
DA:250,0
DA:257,0
DA:259,0
DA:260,0
DA:263,0
DA:266,4
DA:267,0
DA:274,0
DA:276,0
DA:277,0
DA:280,0
DA:285,4
DA:286,0
DA:292,4
DA:293,0
DA:302,4
DA:303,0
DA:311,0
LF:88
LH:19
BRDA:5,0,0,4
BRDA:5,0,1,4
BRDA:8,1,0,0
BRDA:14,2,0,0
BRDA:14,2,1,0
BRDA:20,3,0,0
BRDA:22,4,0,0
BRDA:50,5,0,0
BRDA:67,6,0,0
BRDA:67,6,1,0
BRDA:67,6,2,0
BRDA:69,7,0,0
BRDA:72,8,0,0
BRDA:105,9,0,0
BRDA:121,10,0,0
BRDA:136,11,0,0
BRDA:177,12,0,0
BRDA:220,13,0,0
BRDA:242,14,0,0
BRDA:259,15,0,0
BRDA:276,16,0,0
BRF:21
BRH:2
end_of_record
TN:
SF:src\utils\cookie.ts
FN:1,getCookie
FN:10,setCookie
FN:42,deleteCookie
FNF:3
FNH:0
FNDA:0,getCookie
FNDA:0,setCookie
FNDA:0,deleteCookie
DA:1,4
DA:2,0
DA:7,0
DA:10,4
DA:13,0
DA:15,0
DA:20,0
DA:21,0
DA:22,0
DA:23,0
DA:24,0
DA:27,0
DA:28,0
DA:30,0
DA:31,0
DA:32,0
DA:33,0
DA:34,0
DA:35,0
DA:36,0
DA:39,0
DA:42,4
DA:43,0
LF:23
LH:3
BRDA:7,0,0,0
BRDA:7,0,1,0
BRDA:13,1,0,0
BRDA:21,2,0,0
BRDA:21,3,0,0
BRDA:21,3,1,0
BRDA:27,4,0,0
BRDA:27,5,0,0
BRDA:27,5,1,0
BRDA:35,6,0,0
BRF:10
BRH:0
end_of_record
